<?xml version="1.0" encoding="UTF-8"?>
<!-- Generated by org.testng.reporters.JUnitReportReporter -->
<testsuite hostname="DESKTOP-4QS4J19" failures="0" tests="1" name="TestCases.OrderPage2Test" time="63.245" errors="0" timestamp="2022-04-14T22:29:41 IST" skipped="0">
  <testcase classname="TestCases.OrderPage2Test" name="orderShareTest" time="63.245"/>
  <system-out/>
</testsuite> <!-- TestCases.OrderPage2Test -->
