<?xml version="1.0" encoding="UTF-8"?>
<!-- Generated by org.testng.reporters.JUnitReportReporter -->
<testsuite hostname="DESKTOP-4QS4J19" failures="0" tests="1" name="TestCases.StartInvestingTest" time="30.079" errors="0" timestamp="2022-04-14T15:57:55 IST" skipped="0">
  <testcase classname="TestCases.StartInvestingTest" name="completeGetOrder" time="30.079"/>
  <system-out/>
</testsuite> <!-- TestCases.StartInvestingTest -->
