<?xml version="1.0" encoding="UTF-8"?>
<!-- Generated by org.testng.reporters.JUnitReportReporter -->
<testsuite hostname="DESKTOP-4QS4J19" failures="0" tests="4" name="TestCases.DashbordPageTest" time="107.267" errors="0" timestamp="2022-04-14T15:57:55 IST" skipped="0">
  <testcase classname="TestCases.DashbordPageTest" name="validateProfileNameTest" time="48.551"/>
  <system-out>
    <![CDATA[Nilesh Ambadas Wankhede]]>
  </system-out>
  <testcase classname="TestCases.DashbordPageTest" name="validateNicknameTest" time="18.978"/>
  <system-out>
    <![CDATA[Nilesh]]>
  </system-out>
  <testcase classname="TestCases.DashbordPageTest" name="validateProfileIdTest" time="14.150"/>
  <system-out>
    <![CDATA[UMC868]]>
  </system-out>
  <testcase classname="TestCases.DashbordPageTest" name="validateEmailTest" time="25.588"/>
  <system-out>
    <![CDATA[nileshw347@gmail.com]]>
  </system-out>
</testsuite> <!-- TestCases.DashbordPageTest -->
