<?xml version="1.0" encoding="UTF-8"?>
<!-- Generated by org.testng.reporters.JUnitReportReporter -->
<testsuite hostname="DESKTOP-4QS4J19" failures="0" tests="2" name="Assertion.GroupTest" time="0.020" errors="0" timestamp="2022-04-13T11:31:04 IST" skipped="0">
  <testcase classname="Assertion.GroupTest" name="test1" time="0.017"/>
  <system-out/>
  <testcase classname="Assertion.GroupTest" name="test6" time="0.003"/>
  <system-out/>
</testsuite> <!-- Assertion.GroupTest -->
