<?xml version="1.0" encoding="UTF-8"?>
<!-- Generated by org.testng.reporters.JUnitReportReporter -->
<testsuite hostname="DESKTOP-4QS4J19" failures="0" tests="1" name="Assertion.HardAssertion" time="0.006" errors="0" timestamp="2022-04-13T11:31:04 IST" skipped="0">
  <testcase classname="Assertion.HardAssertion" name="test3" time="0.006"/>
  <system-out/>
</testsuite> <!-- Assertion.HardAssertion -->
